#
# There is insufficient memory for the Java Runtime Environment to continue.
# Native memory allocation (malloc) failed to allocate 1048576 bytes for AllocateHeap
# Possible reasons:
#   The system is out of physical RAM or swap space
#   The process is running with CompressedOops enabled, and the Java Heap may be blocking the growth of the native heap
# Possible solutions:
#   Reduce memory load on the system
#   Increase physical memory or swap space
#   Check if swap backing store is full
#   Decrease Java heap size (-Xmx/-Xms)
#   Decrease number of Java threads
#   Decrease Java thread stack sizes (-Xss)
#   Set larger code cache with -XX:ReservedCodeCacheSize=
#   JVM is running with Unscaled Compressed Oops mode in which the Java heap is
#     placed in the first 4GB address space. The Java Heap base address is the
#     maximum limit for the native heap growth. Please use -XX:HeapBaseMinAddress
#     to set the Java Heap base and to place the Java Heap above 4GB virtual address.
# This output file may be truncated or incomplete.
#
#  Out of Memory Error (memory/allocation.inline.hpp:61), pid=11320, tid=0x00000000000032c8
#
# JRE version:  (8.0_202-b08) (build )
# Java VM: Java HotSpot(TM) 64-Bit Server VM (25.202-b08 mixed mode windows-amd64 compressed oops)
# Failed to write core dump. Minidumps are not enabled by default on client versions of Windows
#

---------------  T H R E A D  ---------------

Current thread (0x000000000328b000):  JavaThread "Unknown thread" [_thread_in_vm, id=13000, stack(0x0000000003180000,0x0000000003280000)]

Stack: [0x0000000003180000,0x0000000003280000]
[error occurred during error reporting (printing stack bounds), id 0xc0000005]

Native frames: (J=compiled Java code, j=interpreted, Vv=VM code, C=native code)


---------------  P R O C E S S  ---------------

Java Threads: ( => current thread )

Other Threads:

=>0x000000000328b000 (exited) JavaThread "Unknown thread" [_thread_in_vm, id=13000, stack(0x0000000003180000,0x0000000003280000)]

VM state:not at safepoint (normal execution)

VM Mutex/Monitor currently owned by a thread: None

heap address: 0x0000000082200000, size: 2014 MB, Compressed Oops mode: 32-bit
Narrow klass base: 0x0000000000000000, Narrow klass shift: 3
Compressed class space size: 1073741824 Address: 0x0000000100000000

Heap:
 PSYoungGen      total 37888K, used 655K [0x00000000d6100000, 0x00000000d8b00000, 0x0000000100000000)
  eden space 32768K, 2% used [0x00000000d6100000,0x00000000d61a3d80,0x00000000d8100000)
  from space 5120K, 0% used [0x00000000d8600000,0x00000000d8600000,0x00000000d8b00000)
  to   space 5120K, 0% used [0x00000000d8100000,0x00000000d8100000,0x00000000d8600000)
 ParOldGen       total 86016K, used 0K [0x0000000082200000, 0x0000000087600000, 0x00000000d6100000)
  object space 86016K, 0% used [0x0000000082200000,0x0000000082200000,0x0000000087600000)
 Metaspace       used 775K, capacity 4480K, committed 4480K, reserved 1056768K
  class space    used 76K, capacity 384K, committed 384K, reserved 1048576K

Card table byte_map: [0x0000000012840000,0x0000000012c30000] byte_map_base: 0x000000001242f000

Marking Bits: (ParMarkBitMap*) 0x0000000055e95ce0
 Begin Bits: [0x00000000136d0000, 0x0000000015648000)
 End Bits:   [0x0000000015648000, 0x00000000175c0000)

Polling page: 0x0000000001750000

CodeCache: size=245760Kb used=328Kb max_used=328Kb free=245431Kb
 bounds [0x0000000003480000, 0x00000000036f0000, 0x0000000012480000]
 total_blobs=58 nmethods=0 adapters=38
 compilation: enabled

Compilation events (0 events):
No events

GC Heap History (0 events):
No events

Deoptimization events (0 events):
No events

Classes redefined (0 events):
No events

Internal exceptions (0 events):
No events

Events (10 events):
Event: 0.046 loading class java/lang/Short
Event: 0.046 loading class java/lang/Short done
Event: 0.046 loading class java/lang/Integer
Event: 0.046 loading class java/lang/Integer done
Event: 0.046 loading class java/lang/Long
Event: 0.047 loading class java/lang/Long done
Event: 0.048 loading class java/lang/NullPointerException
Event: 0.048 loading class java/lang/NullPointerException done
Event: 0.048 loading class java/lang/ArithmeticException
Event: 0.048 loading class java/lang/ArithmeticException done


Dynamic libraries:
0x00007ff7332b0000 - 0x00007ff7332e7000 	C:\Program Files\Java\jdk1.8.0_202\bin\java.exe
0x00007ff9f8a10000 - 0x00007ff9f8c08000 	C:\Windows\SYSTEM32\ntdll.dll
0x00007ff9f81b0000 - 0x00007ff9f826d000 	C:\Windows\System32\KERNEL32.DLL
0x00007ff9f6620000 - 0x00007ff9f68f2000 	C:\Windows\System32\KERNELBASE.dll
0x00007ff9f71b0000 - 0x00007ff9f725e000 	C:\Windows\System32\ADVAPI32.dll
0x00007ff9f8840000 - 0x00007ff9f88de000 	C:\Windows\System32\msvcrt.dll
0x00007ff9f80a0000 - 0x00007ff9f813c000 	C:\Windows\System32\sechost.dll
0x00007ff9f6bf0000 - 0x00007ff9f6d15000 	C:\Windows\System32\RPCRT4.dll
0x00007ff9f6e60000 - 0x00007ff9f6ffd000 	C:\Windows\System32\USER32.dll
0x00007ff9f62f0000 - 0x00007ff9f6312000 	C:\Windows\System32\win32u.dll
0x00007ff9f8170000 - 0x00007ff9f819b000 	C:\Windows\System32\GDI32.dll
0x00007ff9f6120000 - 0x00007ff9f622f000 	C:\Windows\System32\gdi32full.dll
0x00007ff9f6320000 - 0x00007ff9f63bd000 	C:\Windows\System32\msvcp_win.dll
0x00007ff9f6900000 - 0x00007ff9f6a00000 	C:\Windows\System32\ucrtbase.dll
0x00007ff9e0010000 - 0x00007ff9e02aa000 	C:\Windows\WinSxS\amd64_microsoft.windows.common-controls_6595b64144ccf1df_6.0.19041.1110_none_60b5254171f9507e\COMCTL32.dll
0x00007ff9f8140000 - 0x00007ff9f8170000 	C:\Windows\System32\IMM32.DLL
0x0000000055f20000 - 0x0000000055ff2000 	C:\Program Files\Java\jdk1.8.0_202\jre\bin\msvcr100.dll
0x0000000055670000 - 0x0000000055f15000 	C:\Program Files\Java\jdk1.8.0_202\jre\bin\server\jvm.dll
0x00007ff9f7a10000 - 0x00007ff9f7a18000 	C:\Windows\System32\PSAPI.DLL
0x00007ff9dfd80000 - 0x00007ff9dfda7000 	C:\Windows\SYSTEM32\WINMM.dll
0x00007ff9df2d0000 - 0x00007ff9df2d9000 	C:\Windows\SYSTEM32\WSOCK32.dll
0x00007ff9f7e90000 - 0x00007ff9f7efb000 	C:\Windows\System32\WS2_32.dll
0x00007ff9eaf60000 - 0x00007ff9eaf6a000 	C:\Windows\SYSTEM32\VERSION.dll
0x00007ff9ee5c0000 - 0x00007ff9ee5cf000 	C:\Program Files\Java\jdk1.8.0_202\jre\bin\verify.dll
0x00007ff9ee590000 - 0x00007ff9ee5b9000 	C:\Program Files\Java\jdk1.8.0_202\jre\bin\java.dll
0x00007ff9dba60000 - 0x00007ff9dba83000 	C:\Program Files\Java\jdk1.8.0_202\jre\bin\instrument.dll
0x00007ff9ee570000 - 0x00007ff9ee586000 	C:\Program Files\Java\jdk1.8.0_202\jre\bin\zip.dll

VM Arguments:
jvm_args: -XX:TieredStopAtLevel=1 -Xverify:none -Dspring.output.ansi.enabled=always -Dcom.sun.management.jmxremote -Dspring.jmx.enabled=true -Dspring.liveBeansView.mbeanDomain -Dspring.application.admin.enabled=true -javaagent:C:\Program Files\JetBrains\IntelliJ IDEA 2021.3.3\lib\idea_rt.jar=56740:C:\Program Files\JetBrains\IntelliJ IDEA 2021.3.3\bin -Dfile.encoding=UTF-8 
java_command: org.sid.servicemodule.ServiceModuleApplication
java_class_path (initial): C:\Program Files\Java\jdk1.8.0_202\jre\lib\charsets.jar;C:\Program Files\Java\jdk1.8.0_202\jre\lib\deploy.jar;C:\Program Files\Java\jdk1.8.0_202\jre\lib\ext\access-bridge-64.jar;C:\Program Files\Java\jdk1.8.0_202\jre\lib\ext\cldrdata.jar;C:\Program Files\Java\jdk1.8.0_202\jre\lib\ext\dnsns.jar;C:\Program Files\Java\jdk1.8.0_202\jre\lib\ext\jaccess.jar;C:\Program Files\Java\jdk1.8.0_202\jre\lib\ext\jfxrt.jar;C:\Program Files\Java\jdk1.8.0_202\jre\lib\ext\localedata.jar;C:\Program Files\Java\jdk1.8.0_202\jre\lib\ext\nashorn.jar;C:\Program Files\Java\jdk1.8.0_202\jre\lib\ext\sunec.jar;C:\Program Files\Java\jdk1.8.0_202\jre\lib\ext\sunjce_provider.jar;C:\Program Files\Java\jdk1.8.0_202\jre\lib\ext\sunmscapi.jar;C:\Program Files\Java\jdk1.8.0_202\jre\lib\ext\sunpkcs11.jar;C:\Program Files\Java\jdk1.8.0_202\jre\lib\ext\zipfs.jar;C:\Program Files\Java\jdk1.8.0_202\jre\lib\javaws.jar;C:\Program Files\Java\jdk1.8.0_202\jre\lib\jce.jar;C:\Program Files\Java\jdk1.8.0_202\jre\lib\jfr.jar;C:\Program Files\Java\jdk1.8.0_202\jre\lib\jfxswt.jar;C:\Program Files\Java\jdk1.8.0_202\jre\lib\jsse.jar;C:\Program Files\Java\jdk1.8.0_202\jre\lib\management-agent.jar;C:\Program Files\Java\jdk1.8.0_202\jre\lib\plugin.jar;C:\Program Files\Java\jdk1.8.0_202\jre\lib\resources.jar;C:\Program Files\Java\jdk1.8.0_202\jre\lib\rt.jar;C:\Users\Admin\IdeaProjects\projet\service-module\target\classes;C:\Users\Admin\.m2\repository\org\springframework\boot\spring-boot-starter-actuator\2.7.4\spring-boot-starter-actuator-2.7.4.jar;C:\Users\Admin\.m2\repository\org\springframework\boot\spring-boot-starter\2.7.4\spring-boot-starter-2.7.4.jar;C:\Users\Admin\.m2\repository\org\springframework\boot\spring-boot-starter-logging\2.7.4\spring-boot-starter-logging-2.7.4.jar;C:\Users\Admin\.m2\repository\ch\qos\logback\logback-classic\1.2.11\logback-classic-1.2.11.jar;C:\Users\Admin\.m2\repository\ch\qos\logback\logback-core\1.2.11\logback-core-1.2.11.jar;C:\Users\Admin\.m2\repository\org
Launcher Type: SUN_STANDARD

Environment Variables:
JAVA_HOME=C:\Program Files\Java\jdk1.8.0_202
PATH=C:\Program Files (x86)\Common Files\Oracle\Java\javapath;C:\Program Files\Common Files\Oracle\Java\javapath;C:\Program Files (x86)\Common Files\Intel\Shared Libraries\redist\intel64\compiler;C:\Windows\system32;C:\Windows;C:\Windows\System32\Wbem;C:\Windows\System32\WindowsPowerShell\v1.0\;C:\Windows\System32\OpenSSH\;C:\Program Files\Java\jdk-18\bin;C:\Program Files\Git\cmd;C:\Program Files\Java\jdk1.8.0_202\bin;C:\Program Files\apache-maven-3.8.5\bin;C:\ProgramData\chocolatey\bin;C:\Program Files\PuTTY\;C:\Program Files\dotnet\;C:\Program Files\nodejs\;C:\Users\Admin\AppData\Local\Programs\Python\Python39\Scripts\;C:\Users\Admin\AppData\Local\Programs\Python\Python39\;C:\Users\Admin\AppData\Local\Microsoft\WindowsApps;C:\Users\Admin\AppData\Local\Programs\Microsoft VS Code\bin;C:\Program Files\JetBrains\PyCharm 2022.1.3\bin;;C:\Program Files\Graphviz\bin;C:\Program Files\JetBrains\IntelliJ IDEA 2021.3.3\bin;;C:\Program Files\PostgreSQL\14\bin;C:\Users\Admin\.dotnet\tools;C:\PHP;;C:\Users\Admin\AppData\Local\Programs\Filestar;C:\Users\Admin\AppData\Roaming\Filestar\aliases;C:\Users\Admin\AppData\Roaming\npm
USERNAME=Admin
OS=Windows_NT
PROCESSOR_IDENTIFIER=Intel64 Family 6 Model 142 Stepping 10, GenuineIntel



---------------  S Y S T E M  ---------------

OS: Windows 10.0 , 64 bit Build 19041 (10.0.19041.1889)

CPU:total 8 (initial active 8) (4 cores per cpu, 2 threads per core) family 6 model 142 stepping 10, cmov, cx8, fxsr, mmx, sse, sse2, sse3, ssse3, sse4.1, sse4.2, popcnt, avx, avx2, aes, clmul, erms, rtm, 3dnowpref, lzcnt, ht, tsc, tscinvbit, bmi1, bmi2, adx

Memory: 4k page, physical 8243684k(612560k free), swap 10947972k(4588k free)

vm_info: Java HotSpot(TM) 64-Bit Server VM (25.202-b08) for windows-amd64 JRE (1.8.0_202-b08), built on Dec 15 2018 19:54:30 by "java_re" with MS VC++ 10.0 (VS2010)

time: Sat Oct 15 22:39:11 2022
timezone: Maroc (heure d’été)
elapsed time: 0 seconds (0d 0h 0m 0s)

